
{"level":"info","message":"Connected to mongodb://localhost/interim..."}
{"level":"info","message":"Connected to mongodb://localhost/interim..."}
{"level":"info","message":"Connected to mongodb://localhost/interim..."}
{"level":"info","message":"Connected to mongodb://localhost/interim..."}
{"level":"info","message":"Connected to mongodb://localhost/interim..."}
{"level":"info","message":"Connected to mongodb://localhost/interim..."}
{"level":"info","message":"Connected to mongodb://localhost/interim..."}
{"level":"info","message":"Connected to mongodb://localhost/interim..."}
{"level":"info","message":"Connected to mongodb://localhost/interim..."}
{"level":"info","message":"Connected to mongodb://localhost/interim..."}
{"level":"info","message":"Connected to mongodb://localhost/interim..."}
{"level":"info","message":"Connected to mongodb://localhost/interim..."}
{"level":"info","message":"Connected to mongodb://localhost/interim..."}
{"level":"info","message":"Connected to mongodb://localhost/interim..."}
{"level":"info","message":"Connected to mongodb://localhost/interim..."}
{"level":"info","message":"Connected to mongodb://localhost/interim..."}
{"level":"error","message":"connect ECONNREFUSED 127.0.0.1:27017 connect ECONNREFUSED 127.0.0.1:27017","reason":{"commonWireVersion":9,"compatible":true,"heartbeatFrequencyMS":10000,"localThresholdMS":15,"servers":{},"stale":false,"type":"Single"},"stack":"MongooseServerSelectionError: connect ECONNREFUSED 127.0.0.1:27017\n    at Function.Model.$wrapCallback (/Users/seiffoudine/auto-entre-node-copie/node_modules/mongoose/lib/model.js:5011:32)\n    at /Users/seiffoudine/auto-entre-node-copie/node_modules/mongoose/lib/query.js:4695:21\n    at /Users/seiffoudine/auto-entre-node-copie/node_modules/mongoose/lib/helpers/promiseOrCallback.js:32:5\n    at new Promise (<anonymous>)\n    at promiseOrCallback (/Users/seiffoudine/auto-entre-node-copie/node_modules/mongoose/lib/helpers/promiseOrCallback.js:31:10)\n    at model.Query.exec (/Users/seiffoudine/auto-entre-node-copie/node_modules/mongoose/lib/query.js:4694:10)\n    at model.Query.Query.then (/Users/seiffoudine/auto-entre-node-copie/node_modules/mongoose/lib/query.js:4777:15)\n    at processTicksAndRejections (node:internal/process/task_queues:96:5)"}
{"level":"error","message":"connect ECONNREFUSED 127.0.0.1:27017 connect ECONNREFUSED 127.0.0.1:27017","reason":{"commonWireVersion":9,"compatible":true,"heartbeatFrequencyMS":10000,"localThresholdMS":15,"servers":{},"stale":false,"type":"Single"},"stack":"MongooseServerSelectionError: connect ECONNREFUSED 127.0.0.1:27017\n    at Function.Model.$wrapCallback (/Users/seiffoudine/auto-entre-node-copie/node_modules/mongoose/lib/model.js:5011:32)\n    at /Users/seiffoudine/auto-entre-node-copie/node_modules/mongoose/lib/query.js:4695:21\n    at /Users/seiffoudine/auto-entre-node-copie/node_modules/mongoose/lib/helpers/promiseOrCallback.js:32:5\n    at new Promise (<anonymous>)\n    at promiseOrCallback (/Users/seiffoudine/auto-entre-node-copie/node_modules/mongoose/lib/helpers/promiseOrCallback.js:31:10)\n    at model.Query.exec (/Users/seiffoudine/auto-entre-node-copie/node_modules/mongoose/lib/query.js:4694:10)\n    at model.Query.Query.then (/Users/seiffoudine/auto-entre-node-copie/node_modules/mongoose/lib/query.js:4777:15)\n    at processTicksAndRejections (node:internal/process/task_queues:96:5)"}
{"level":"error","message":"connect ECONNREFUSED 127.0.0.1:27017 connect ECONNREFUSED 127.0.0.1:27017","reason":{"commonWireVersion":9,"compatible":true,"heartbeatFrequencyMS":10000,"localThresholdMS":15,"servers":{},"stale":false,"type":"Single"},"stack":"MongooseServerSelectionError: connect ECONNREFUSED 127.0.0.1:27017\n    at Function.Model.$wrapCallback (/Users/seiffoudine/auto-entre-node-copie/node_modules/mongoose/lib/model.js:5011:32)\n    at /Users/seiffoudine/auto-entre-node-copie/node_modules/mongoose/lib/query.js:4695:21\n    at /Users/seiffoudine/auto-entre-node-copie/node_modules/mongoose/lib/helpers/promiseOrCallback.js:32:5\n    at new Promise (<anonymous>)\n    at promiseOrCallback (/Users/seiffoudine/auto-entre-node-copie/node_modules/mongoose/lib/helpers/promiseOrCallback.js:31:10)\n    at model.Query.exec (/Users/seiffoudine/auto-entre-node-copie/node_modules/mongoose/lib/query.js:4694:10)\n    at model.Query.Query.then (/Users/seiffoudine/auto-entre-node-copie/node_modules/mongoose/lib/query.js:4777:15)\n    at processTicksAndRejections (node:internal/process/task_queues:96:5)"}
{"level":"error","message":"connect ECONNREFUSED 127.0.0.1:27017 connect ECONNREFUSED 127.0.0.1:27017","reason":{"commonWireVersion":9,"compatible":true,"heartbeatFrequencyMS":10000,"localThresholdMS":15,"servers":{},"stale":false,"type":"Single"},"stack":"MongooseServerSelectionError: connect ECONNREFUSED 127.0.0.1:27017\n    at Function.Model.$wrapCallback (/Users/seiffoudine/auto-entre-node-copie/node_modules/mongoose/lib/model.js:5011:32)\n    at /Users/seiffoudine/auto-entre-node-copie/node_modules/mongoose/lib/query.js:4695:21\n    at /Users/seiffoudine/auto-entre-node-copie/node_modules/mongoose/lib/helpers/promiseOrCallback.js:32:5\n    at new Promise (<anonymous>)\n    at promiseOrCallback (/Users/seiffoudine/auto-entre-node-copie/node_modules/mongoose/lib/helpers/promiseOrCallback.js:31:10)\n    at model.Query.exec (/Users/seiffoudine/auto-entre-node-copie/node_modules/mongoose/lib/query.js:4694:10)\n    at model.Query.Query.then (/Users/seiffoudine/auto-entre-node-copie/node_modules/mongoose/lib/query.js:4777:15)\n    at processTicksAndRejections (node:internal/process/task_queues:96:5)"}
{"level":"info","message":"Connected to mongodb://localhost/interim..."}
{"level":"info","message":"Connected to mongodb..."}
{"level":"info","message":"Connected to mongodb..."}
{"level":"info","message":"Connected to mongodb..."}
{"level":"info","message":"Connected to mongodb..."}
{"level":"info","message":"Connected to mongodb..."}
{"level":"info","message":"Connected to mongodb..."}
{"level":"info","message":"Connected to mongodb..."}
{"level":"info","message":"Connected to mongodb..."}
{"level":"info","message":"Connected to mongodb..."}
{"level":"info","message":"Connected to mongodb..."}
{"level":"info","message":"Connected to mongodb..."}
{"level":"info","message":"Connected to mongodb..."}
{"level":"info","message":"Connected to mongodb..."}
{"level":"info","message":"Connected to mongodb..."}
{"level":"info","message":"Connected to mongodb..."}
{"level":"info","message":"Connected to mongodb..."}
{"level":"info","message":"Connected to mongodb+srv://Seiff133:cRk97FTEGANlXgn6@cluster0.skgjh.mongodb.net/interim?retryWrites=true&w=majority..."}
{"level":"info","message":"Connected to mongodb+srv://Seiff133:cRk97FTEGANlXgn6@cluster0.skgjh.mongodb.net/interim?retryWrites=true&w=majority..."}
{"level":"info","message":"Connected to mongodb+srv://Seiff133:cRk97FTEGANlXgn6@cluster0.skgjh.mongodb.net/interim?retryWrites=true&w=majority..."}
{"level":"info","message":"Connected to mongodb+srv://Seiff133:cRk97FTEGANlXgn6@cluster0.skgjh.mongodb.net/interim?retryWrites=true&w=majority..."}
{"level":"info","message":"Connected to mongodb+srv://Seiff133:cRk97FTEGANlXgn6@cluster0.skgjh.mongodb.net/interim?retryWrites=true&w=majority..."}
{"level":"info","message":"Connected to mongodb+srv://Seiff133:cRk97FTEGANlXgn6@cluster0.skgjh.mongodb.net/interim?retryWrites=true&w=majority..."}
{"level":"info","message":"Connected to mongodb+srv://Seiff133:cRk97FTEGANlXgn6@cluster0.skgjh.mongodb.net/interim?retryWrites=true&w=majority..."}
{"level":"info","message":"Connected to mongodb+srv://Seiff133:cRk97FTEGANlXgn6@cluster0.skgjh.mongodb.net/interim?retryWrites=true&w=majority..."}
{"level":"info","message":"Connected to mongodb+srv://Seiff133:cRk97FTEGANlXgn6@cluster0.skgjh.mongodb.net/interim?retryWrites=true&w=majority..."}
{"level":"info","message":"Connected to mongodb+srv://Seiff133:cRk97FTEGANlXgn6@cluster0.skgjh.mongodb.net/interim?retryWrites=true&w=majority..."}
{"level":"info","message":"Connected to mongodb+srv://Seiff133:cRk97FTEGANlXgn6@cluster0.skgjh.mongodb.net/interim?retryWrites=true&w=majority..."}
{"level":"info","message":"Connected to mongodb+srv://Seiff133:cRk97FTEGANlXgn6@cluster0.skgjh.mongodb.net/interim?retryWrites=true&w=majority..."}
{"level":"info","message":"Connected to mongodb+srv://Seiff133:cRk97FTEGANlXgn6@cluster0.skgjh.mongodb.net/interim?retryWrites=true&w=majority..."}
{"level":"info","message":"Connected to mongodb+srv://Seiff133:cRk97FTEGANlXgn6@cluster0.skgjh.mongodb.net/interim?retryWrites=true&w=majority..."}
{"level":"info","message":"Connected to mongodb+srv://Seiff133:cRk97FTEGANlXgn6@cluster0.skgjh.mongodb.net/interim?retryWrites=true&w=majority..."}
{"level":"info","message":"Connected to mongodb+srv://Seiff133:cRk97FTEGANlXgn6@cluster0.skgjh.mongodb.net/interim?retryWrites=true&w=majority..."}
{"level":"info","message":"Connected to mongodb+srv://Seiff133:cRk97FTEGANlXgn6@cluster0.skgjh.mongodb.net/interim?retryWrites=true&w=majority..."}
{"level":"info","message":"Connected to mongodb+srv://Seiff133:cRk97FTEGANlXgn6@cluster0.skgjh.mongodb.net/interim?retryWrites=true&w=majority..."}
{"level":"info","message":"Connected to mongodb+srv://Seiff133:cRk97FTEGANlXgn6@cluster0.skgjh.mongodb.net/interim?retryWrites=true&w=majority..."}
{"level":"info","message":"Connected to mongodb+srv://Seiff133:cRk97FTEGANlXgn6@cluster0.skgjh.mongodb.net/interim?retryWrites=true&w=majority..."}
{"level":"info","message":"Connected to mongodb+srv://Seiff133:cRk97FTEGANlXgn6@cluster0.skgjh.mongodb.net/interim_test?retryWrites=true&w=majority..."}
{"level":"info","message":"Connected to mongodb+srv://Seiff133:cRk97FTEGANlXgn6@cluster0.skgjh.mongodb.net/interim_test?retryWrites=true&w=majority..."}
{"level":"info","message":"Connected to mongodb+srv://Seiff133:cRk97FTEGANlXgn6@cluster0.skgjh.mongodb.net/interim_test?retryWrites=true&w=majority..."}
{"level":"info","message":"Connected to mongodb+srv://Seiff133:cRk97FTEGANlXgn6@cluster0.skgjh.mongodb.net/interim_test?retryWrites=true&w=majority..."}
{"level":"info","message":"Connected to mongodb+srv://Seiff133:cRk97FTEGANlXgn6@cluster0.skgjh.mongodb.net/interim_test?retryWrites=true&w=majority..."}
{"level":"info","message":"Connected to mongodb+srv://Seiff133:cRk97FTEGANlXgn6@cluster0.skgjh.mongodb.net/interim_test?retryWrites=true&w=majority..."}
{"level":"info","message":"Connected to mongodb+srv://Seiff133:cRk97FTEGANlXgn6@cluster0.skgjh.mongodb.net/interim_test?retryWrites=true&w=majority..."}
{"level":"info","message":"Connected to mongodb+srv://Seiff133:cRk97FTEGANlXgn6@cluster0.skgjh.mongodb.net/interim_test?retryWrites=true&w=majority..."}
{"level":"info","message":"Connected to mongodb+srv://Seiff133:cRk97FTEGANlXgn6@cluster0.skgjh.mongodb.net/interim_test?retryWrites=true&w=majority..."}
{"level":"info","message":"Connected to mongodb+srv://Seiff133:cRk97FTEGANlXgn6@cluster0.skgjh.mongodb.net/interim_test?retryWrites=true&w=majority..."}
{"level":"info","message":"Connected to mongodb+srv://Seiff133:cRk97FTEGANlXgn6@cluster0.skgjh.mongodb.net/interim_test?retryWrites=true&w=majority..."}
{"level":"info","message":"Connected to mongodb+srv://Seiff133:cRk97FTEGANlXgn6@cluster0.skgjh.mongodb.net/interim_test?retryWrites=true&w=majority..."}
{"level":"info","message":"Connected to mongodb+srv://Seiff133:cRk97FTEGANlXgn6@cluster0.skgjh.mongodb.net/interim_test?retryWrites=true&w=majority..."}
{"level":"info","message":"Connected to mongodb+srv://Seiff133:cRk97FTEGANlXgn6@cluster0.skgjh.mongodb.net/interim_test?retryWrites=true&w=majority..."}
{"level":"info","message":"Connected to mongodb+srv://Seiff133:cRk97FTEGANlXgn6@cluster0.skgjh.mongodb.net/interim_test?retryWrites=true&w=majority..."}
{"level":"info","message":"Connected to mongodb+srv://Seiff133:cRk97FTEGANlXgn6@cluster0.skgjh.mongodb.net/interim_test?retryWrites=true&w=majority..."}
{"level":"info","message":"Connected to mongodb+srv://Seiff133:cRk97FTEGANlXgn6@cluster0.skgjh.mongodb.net/interim_test?retryWrites=true&w=majority..."}
{"level":"info","message":"Connected to mongodb+srv://Seiff133:cRk97FTEGANlXgn6@cluster0.skgjh.mongodb.net/interim_test?retryWrites=true&w=majority..."}
{"level":"info","message":"Connected to mongodb+srv://Seiff133:cRk97FTEGANlXgn6@cluster0.skgjh.mongodb.net/interim_test?retryWrites=true&w=majority..."}
{"level":"info","message":"Connected to mongodb+srv://Seiff133:cRk97FTEGANlXgn6@cluster0.skgjh.mongodb.net/interim_test?retryWrites=true&w=majority..."}
{"level":"info","message":"Connected to mongodb+srv://Seiff133:cRk97FTEGANlXgn6@cluster0.skgjh.mongodb.net/interim_test?retryWrites=true&w=majority..."}
{"level":"info","message":"Connected to mongodb+srv://Seiff133:cRk97FTEGANlXgn6@cluster0.skgjh.mongodb.net/interim_test?retryWrites=true&w=majority..."}
{"level":"info","message":"Connected to mongodb+srv://Seiff133:cRk97FTEGANlXgn6@cluster0.skgjh.mongodb.net/interim_test?retryWrites=true&w=majority..."}
{"level":"info","message":"Connected to mongodb+srv://Seiff133:cRk97FTEGANlXgn6@cluster0.skgjh.mongodb.net/interim_test?retryWrites=true&w=majority..."}
{"level":"info","message":"Connected to mongodb+srv://Seiff133:cRk97FTEGANlXgn6@cluster0.skgjh.mongodb.net/interim_test?retryWrites=true&w=majority..."}
{"level":"info","message":"Connected to mongodb+srv://Seiff133:cRk97FTEGANlXgn6@cluster0.skgjh.mongodb.net/interim_test?retryWrites=true&w=majority..."}
{"level":"info","message":"Connected to mongodb+srv://Seiff133:cRk97FTEGANlXgn6@cluster0.skgjh.mongodb.net/interim_test?retryWrites=true&w=majority..."}
{"level":"info","message":"Connected to mongodb+srv://Seiff133:cRk97FTEGANlXgn6@cluster0.skgjh.mongodb.net/interim_test?retryWrites=true&w=majority..."}
{"level":"info","message":"Connected to mongodb+srv://Seiff133:cRk97FTEGANlXgn6@cluster0.skgjh.mongodb.net/interim_test?retryWrites=true&w=majority..."}
{"level":"info","message":"Connected to mongodb+srv://Seiff133:cRk97FTEGANlXgn6@cluster0.skgjh.mongodb.net/interim_test?retryWrites=true&w=majority..."}
{"level":"info","message":"Connected to mongodb+srv://Seiff133:cRk97FTEGANlXgn6@cluster0.skgjh.mongodb.net/interim_test?retryWrites=true&w=majority..."}
{"level":"info","message":"Connected to mongodb+srv://Seiff133:cRk97FTEGANlXgn6@cluster0.skgjh.mongodb.net/interim_test?retryWrites=true&w=majority..."}
{"level":"info","message":"Connected to mongodb+srv://Seiff133:cRk97FTEGANlXgn6@cluster0.skgjh.mongodb.net/interim_test?retryWrites=true&w=majority..."}
{"level":"info","message":"Connected to mongodb+srv://Seiff133:cRk97FTEGANlXgn6@cluster0.skgjh.mongodb.net/interim_test?retryWrites=true&w=majority..."}
{"level":"info","message":"Connected to mongodb+srv://Seiff133:cRk97FTEGANlXgn6@cluster0.skgjh.mongodb.net/interim_test?retryWrites=true&w=majority..."}
{"level":"info","message":"Connected to mongodb+srv://Seiff133:cRk97FTEGANlXgn6@cluster0.skgjh.mongodb.net/interim_test?retryWrites=true&w=majority..."}
{"level":"info","message":"Connected to mongodb+srv://Seiff133:cRk97FTEGANlXgn6@cluster0.skgjh.mongodb.net/interim_test?retryWrites=true&w=majority..."}
{"level":"info","message":"Connected to mongodb+srv://Seiff133:cRk97FTEGANlXgn6@cluster0.skgjh.mongodb.net/interim_test?retryWrites=true&w=majority..."}
{"level":"info","message":"Connected to mongodb+srv://Seiff133:cRk97FTEGANlXgn6@cluster0.skgjh.mongodb.net/interim_test?retryWrites=true&w=majority..."}
{"level":"info","message":"Connected to mongodb+srv://Seiff133:cRk97FTEGANlXgn6@cluster0.skgjh.mongodb.net/interim_test?retryWrites=true&w=majority..."}
{"level":"info","message":"Connected to mongodb+srv://Seiff133:cRk97FTEGANlXgn6@cluster0.skgjh.mongodb.net/interim_test?retryWrites=true&w=majority..."}
{"level":"info","message":"Connected to mongodb+srv://Seiff133:cRk97FTEGANlXgn6@cluster0.skgjh.mongodb.net/interim_test?retryWrites=true&w=majority..."}
{"level":"info","message":"Connected to mongodb+srv://Seiff133:cRk97FTEGANlXgn6@cluster0.skgjh.mongodb.net/interim_test?retryWrites=true&w=majority..."}
{"level":"info","message":"Connected to mongodb+srv://Seiff133:cRk97FTEGANlXgn6@cluster0.skgjh.mongodb.net/interim_test?retryWrites=true&w=majority..."}
{"level":"info","message":"Connected to mongodb+srv://Seiff133:cRk97FTEGANlXgn6@cluster0.skgjh.mongodb.net/interim_test?retryWrites=true&w=majority..."}
{"level":"info","message":"Connected to mongodb+srv://Seiff133:cRk97FTEGANlXgn6@cluster0.skgjh.mongodb.net/interim_test?retryWrites=true&w=majority..."}
{"level":"info","message":"Connected to mongodb+srv://Seiff133:cRk97FTEGANlXgn6@cluster0.skgjh.mongodb.net/interim_test?retryWrites=true&w=majority..."}
{"level":"info","message":"Connected to mongodb+srv://Seiff133:cRk97FTEGANlXgn6@cluster0.skgjh.mongodb.net/interim_test?retryWrites=true&w=majority..."}
{"level":"info","message":"Connected to mongodb+srv://Seiff133:cRk97FTEGANlXgn6@cluster0.skgjh.mongodb.net/interim_test?retryWrites=true&w=majority..."}
{"level":"info","message":"Connected to mongodb+srv://Seiff133:cRk97FTEGANlXgn6@cluster0.skgjh.mongodb.net/interim_test?retryWrites=true&w=majority..."}
{"level":"info","message":"Connected to mongodb+srv://Seiff133:cRk97FTEGANlXgn6@cluster0.skgjh.mongodb.net/interim_test?retryWrites=true&w=majority..."}
{"level":"info","message":"Connected to mongodb+srv://Seiff133:cRk97FTEGANlXgn6@cluster0.skgjh.mongodb.net/interim_test?retryWrites=true&w=majority..."}
{"level":"info","message":"Connected to mongodb+srv://Seiff133:cRk97FTEGANlXgn6@cluster0.skgjh.mongodb.net/interim_test?retryWrites=true&w=majority..."}
{"level":"info","message":"Connected to mongodb+srv://Seiff133:cRk97FTEGANlXgn6@cluster0.skgjh.mongodb.net/interim_test?retryWrites=true&w=majority..."}
{"level":"info","message":"Connected to mongodb+srv://Seiff133:cRk97FTEGANlXgn6@cluster0.skgjh.mongodb.net/interim_test?retryWrites=true&w=majority..."}
{"level":"info","message":"Connected to mongodb+srv://Seiff133:cRk97FTEGANlXgn6@cluster0.skgjh.mongodb.net/interim_test?retryWrites=true&w=majority..."}
{"level":"info","message":"Connected to mongodb+srv://Seiff133:cRk97FTEGANlXgn6@cluster0.skgjh.mongodb.net/interim_test?retryWrites=true&w=majority..."}
{"level":"info","message":"Connected to mongodb+srv://Seiff133:cRk97FTEGANlXgn6@cluster0.skgjh.mongodb.net/interim_test?retryWrites=true&w=majority..."}
{"level":"info","message":"Connected to mongodb+srv://Seiff133:cRk97FTEGANlXgn6@cluster0.skgjh.mongodb.net/interim_test?retryWrites=true&w=majority..."}
{"level":"info","message":"Connected to mongodb+srv://Seiff133:cRk97FTEGANlXgn6@cluster0.skgjh.mongodb.net/interim_test?retryWrites=true&w=majority..."}
{"level":"info","message":"Connected to mongodb+srv://Seiff133:cRk97FTEGANlXgn6@cluster0.skgjh.mongodb.net/interim_test?retryWrites=true&w=majority..."}
{"level":"info","message":"Connected to mongodb+srv://Seiff133:cRk97FTEGANlXgn6@cluster0.skgjh.mongodb.net/interim_test?retryWrites=true&w=majority..."}
{"level":"info","message":"Connected to mongodb+srv://Seiff133:cRk97FTEGANlXgn6@cluster0.skgjh.mongodb.net/interim?retryWrites=true&w=majority..."}
{"level":"info","message":"Connected to mongodb+srv://Seiff133:cRk97FTEGANlXgn6@cluster0.skgjh.mongodb.net/interim?retryWrites=true&w=majority..."}
{"level":"info","message":"Connected to mongodb+srv://Seiff133:cRk97FTEGANlXgn6@cluster0.skgjh.mongodb.net/interim?retryWrites=true&w=majority..."}
{"level":"info","message":"Connected to mongodb+srv://Seiff133:cRk97FTEGANlXgn6@cluster0.skgjh.mongodb.net/interim?retryWrites=true&w=majority..."}
